android/app/build/intermediates/manifest_merge_blame_file/debug/manifest-merger-blame-debug-report.txt
1<?xml version="1.0" encoding="utf-8"?>
2<manifest xmlns:android="http://schemas.android.com/apk/res/android"
3    package="io.ionic.starter"
4    android:versionCode="1"
5    android:versionName="1.0" >
6
7    <uses-sdk
8        android:minSdkVersion="21"
8-->src/main/AndroidManifest.xml
9        android:targetSdkVersion="30" />
9-->src/main/AndroidManifest.xml
10
11    <!-- Permissions -->
12
13    <uses-permission android:name="android.permission.INTERNET" />
13-->src/main/AndroidManifest.xml:40:5-67
13-->src/main/AndroidManifest.xml:40:22-64
14    <!-- Geolocation API -->
15    <uses-permission android:name="android.permission.ACCESS_COARSE_LOCATION" />
15-->src/main/AndroidManifest.xml:42:3-79
15-->src/main/AndroidManifest.xml:42:20-76
16    <uses-permission android:name="android.permission.ACCESS_FINE_LOCATION" />
16-->src/main/AndroidManifest.xml:43:3-77
16-->src/main/AndroidManifest.xml:43:20-74
17
18    <uses-feature android:name="android.hardware.location.gps" />
18-->src/main/AndroidManifest.xml:44:3-64
18-->src/main/AndroidManifest.xml:44:17-61
19
20    <uses-permission android:name="android.permission.VIBRATE" />
20-->[:capacitor-haptics] AndroidManifest.xml:9:5-66
20-->[:capacitor-haptics] AndroidManifest.xml:9:22-63
21
22    <application
22-->src/main/AndroidManifest.xml:5:5-36:19
23        android:allowBackup="true"
23-->src/main/AndroidManifest.xml:6:9-35
24        android:appComponentFactory="androidx.core.app.CoreComponentFactory"
24-->[androidx.core:core:1.3.2] AndroidManifest.xml:24:18-86
25        android:debuggable="true"
26        android:icon="@mipmap/ic_launcher"
26-->src/main/AndroidManifest.xml:7:9-43
27        android:label="@string/app_name"
27-->src/main/AndroidManifest.xml:8:9-41
28        android:roundIcon="@mipmap/ic_launcher_round"
28-->src/main/AndroidManifest.xml:9:9-54
29        android:supportsRtl="true"
29-->src/main/AndroidManifest.xml:10:9-35
30        android:testOnly="true"
31        android:theme="@style/AppTheme" >
31-->src/main/AndroidManifest.xml:11:9-40
32        <activity
32-->src/main/AndroidManifest.xml:13:9-25:20
33            android:name="io.ionic.starter.MainActivity"
33-->src/main/AndroidManifest.xml:15:13-57
34            android:configChanges="orientation|keyboardHidden|keyboard|screenSize|locale|smallestScreenSize|screenLayout|uiMode"
34-->src/main/AndroidManifest.xml:14:13-129
35            android:label="@string/title_activity_main"
35-->src/main/AndroidManifest.xml:16:13-56
36            android:launchMode="singleTask"
36-->src/main/AndroidManifest.xml:18:13-44
37            android:theme="@style/AppTheme.NoActionBarLaunch" >
37-->src/main/AndroidManifest.xml:17:13-62
38            <intent-filter>
38-->src/main/AndroidManifest.xml:20:13-23:29
39                <action android:name="android.intent.action.MAIN" />
39-->src/main/AndroidManifest.xml:21:17-69
39-->src/main/AndroidManifest.xml:21:25-66
40
41                <category android:name="android.intent.category.LAUNCHER" />
41-->src/main/AndroidManifest.xml:22:17-77
41-->src/main/AndroidManifest.xml:22:27-74
42            </intent-filter>
43        </activity>
44
45        <provider
46            android:name="androidx.core.content.FileProvider"
46-->src/main/AndroidManifest.xml:28:13-62
47            android:authorities="io.ionic.starter.fileprovider"
47-->src/main/AndroidManifest.xml:29:13-64
48            android:exported="false"
48-->src/main/AndroidManifest.xml:30:13-37
49            android:grantUriPermissions="true" >
49-->src/main/AndroidManifest.xml:31:13-47
50            <meta-data
50-->src/main/AndroidManifest.xml:32:13-34:64
51                android:name="android.support.FILE_PROVIDER_PATHS"
51-->src/main/AndroidManifest.xml:33:17-67
52                android:resource="@xml/file_paths" />
52-->src/main/AndroidManifest.xml:34:17-51
53        </provider>
54
55        <activity
55-->[com.google.android.gms:play-services-base:17.3.0] AndroidManifest.xml:23:9-26:75
56            android:name="com.google.android.gms.common.api.GoogleApiActivity"
56-->[com.google.android.gms:play-services-base:17.3.0] AndroidManifest.xml:24:13-79
57            android:exported="false"
57-->[com.google.android.gms:play-services-base:17.3.0] AndroidManifest.xml:25:13-37
58            android:theme="@android:style/Theme.Translucent.NoTitleBar" />
58-->[com.google.android.gms:play-services-base:17.3.0] AndroidManifest.xml:26:13-72
59
60        <meta-data
60-->[com.google.android.gms:play-services-basement:17.3.0] AndroidManifest.xml:23:9-25:69
61            android:name="com.google.android.gms.version"
61-->[com.google.android.gms:play-services-basement:17.3.0] AndroidManifest.xml:24:13-58
62            android:value="@integer/google_play_services_version" />
62-->[com.google.android.gms:play-services-basement:17.3.0] AndroidManifest.xml:25:13-66
63    </application>
64
65</manifest>